<?xml version="1.0" encoding="UTF-8"?>
<testng-results ignored="0" total="1" passed="1" failed="0" skipped="0">
  <reporter-output>
  </reporter-output>
  <suite started-at="2025-11-05T00:33:12 IST" name="Suite" finished-at="2025-11-05T00:33:20 IST" duration-ms="7464">
    <groups>
      <group name="Master">
        <method signature="TC004_SearchTest.searchBox()[pri:0, instance:testCases.TC004_SearchTest@5e4bd84a]" name="searchBox" class="testCases.TC004_SearchTest"/>
      </group> <!-- Master -->
    </groups>
    <test started-at="2025-11-05T00:33:12 IST" name="Test" finished-at="2025-11-05T00:33:20 IST" duration-ms="7464">
      <class name="testCases.TC004_SearchTest">
        <test-method is-config="true" signature="setup(java.lang.String,java.lang.String)[pri:0, instance:testCases.TC004_SearchTest@5e4bd84a]" started-at="2025-11-05T00:33:12 IST" name="setup" finished-at="2025-11-05T00:33:15 IST" duration-ms="2385" status="PASS">
          <params>
            <param index="0">
              <value>
                <![CDATA[Windows]]>
              </value>
            </param>
            <param index="1">
              <value>
                <![CDATA[chrome]]>
              </value>
            </param>
          </params>
          <reporter-output>
          </reporter-output>
        </test-method> <!-- setup -->
        <test-method signature="searchBox()[pri:0, instance:testCases.TC004_SearchTest@5e4bd84a]" started-at="2025-11-05T00:33:15 IST" name="searchBox" finished-at="2025-11-05T00:33:20 IST" duration-ms="4696" status="PASS">
          <reporter-output>
          </reporter-output>
        </test-method> <!-- searchBox -->
        <test-method is-config="true" signature="tearDown()[pri:0, instance:testCases.TC004_SearchTest@5e4bd84a]" started-at="2025-11-05T00:33:20 IST" name="tearDown" finished-at="2025-11-05T00:33:20 IST" duration-ms="185" status="PASS">
          <reporter-output>
          </reporter-output>
        </test-method> <!-- tearDown -->
      </class> <!-- testCases.TC004_SearchTest -->
    </test> <!-- Test -->
  </suite> <!-- Suite -->
</testng-results>
