<?xml version="1.0" encoding="UTF-8"?>
<!-- Generated by org.testng.reporters.JUnitReportReporter -->
<testsuite hostname="INBOOK_X2_SLIM" failures="0" tests="5" name="testCases.TC003_LoginDDT" time="21.888" errors="0" timestamp="2025-11-01T15:05:14 IST" skipped="0">
  <testcase classname="testCases.TC003_LoginDDT" name="verify_loginDDT" time="1.928"/>
  <testcase classname="testCases.TC003_LoginDDT" name="verify_loginDDT" time="1.737"/>
  <testcase classname="testCases.TC003_LoginDDT" name="verify_loginDDT" time="1.734"/>
  <testcase classname="testCases.TC003_LoginDDT" name="verify_loginDDT" time="11.076"/>
  <testcase classname="testCases.TC003_LoginDDT" name="verify_loginDDT" time="5.413"/>
</testsuite> <!-- testCases.TC003_LoginDDT -->
